\BOOKMARK [0][-]{chapter*.1}{Remerciements}{}% 1
\BOOKMARK [0][-]{chapter*.1}{Sommaire}{}% 2
\BOOKMARK [0][-]{chapter*.2}{Abr\351viations}{}% 3
\BOOKMARK [0][-]{chapter*.2}{Liste des figures}{}% 4
\BOOKMARK [0][-]{chapter*.2}{Liste des tableaux}{}% 5
\BOOKMARK [0][-]{chapter*.3}{R\351sum\351}{}% 6
\BOOKMARK [0][-]{chapter*.3}{Introduction}{}% 7
\BOOKMARK [-1][-]{part.1}{I ENVIRONNEMENT DE STAGE}{}% 8
\BOOKMARK [0][-]{section.0.1}{CREATION}{part.1}% 9
\BOOKMARK [1][-]{section.0.2}{PRESENTATION}{section.0.1}% 10
\BOOKMARK [1][-]{section.0.3}{R\351alisation}{section.0.1}% 11
\BOOKMARK [1][-]{section.0.4}{Exploitation}{section.0.1}% 12
\BOOKMARK [1][-]{section.0.5}{CLIENTS}{section.0.1}% 13
\BOOKMARK [-1][-]{part.2}{II ANALYSE ET CONCEPTION DU SYSTEME}{}% 14
\BOOKMARK [0][-]{chapter.1}{ETUDE PREALABLE}{part.2}% 15
\BOOKMARK [1][-]{section.1.1}{CONTEXTE ET PROBL\311MATIQUE}{chapter.1}% 16
\BOOKMARK [1][-]{section.1.2}{ORGANISATION DU TRAVAIL}{chapter.1}% 17
\BOOKMARK [1][-]{section.1.3}{DESCRIPTION DE L'EXISTANT}{chapter.1}% 18
\BOOKMARK [1][-]{section.1.4}{CRITIQUE DE L\220EXISTANT}{chapter.1}% 19
\BOOKMARK [1][-]{section.1.5}{\311BAUCHE DE SOLUTION}{chapter.1}% 20
\BOOKMARK [2][-]{subsection.1.5.1}{OBJECTIFS G\311N\311RAUX}{section.1.5}% 21
\BOOKMARK [2][-]{subsection.1.5.2}{CIBLES VISEES}{section.1.5}% 22
\BOOKMARK [1][-]{section.1.6}{BESOIN FONCTIONNEL}{chapter.1}% 23
\BOOKMARK [1][-]{section.1.7}{BESOIN NON FONCTIONNEL}{chapter.1}% 24
\BOOKMARK [1][-]{section.1.8}{FONCTIONNALITES}{chapter.1}% 25
\BOOKMARK [1][-]{section.1.9}{CONTRAINTES}{chapter.1}% 26
\BOOKMARK [2][-]{subsection.1.9.1}{CONTRAINTES MAT\311RIELLES}{section.1.9}% 27
\BOOKMARK [2][-]{subsection.1.9.2}{D\311LAI}{section.1.9}% 28
\BOOKMARK [2][-]{subsection.1.9.3}{COUT}{section.1.9}% 29
\BOOKMARK [0][-]{chapter.2}{ANALYSE ET CONCEPTION GENERALE}{part.2}% 30
\BOOKMARK [1][-]{section.2.1}{ANALYSE}{chapter.2}% 31
\BOOKMARK [2][-]{subsection.2.1.1}{DIAGRAMME DE CAS D\220UTILISATION}{section.2.1}% 32
\BOOKMARK [2][-]{subsection.2.1.2}{DIAGRAMME DE SEQUENCE}{section.2.1}% 33
\BOOKMARK [2][-]{subsection.2.1.3}{DIAGRAMME DE CLASSE}{section.2.1}% 34
\BOOKMARK [2][-]{subsection.2.1.4}{DIAGRAMME DE D\311PLOIEMENT}{section.2.1}% 35
\BOOKMARK [1][-]{section.2.2}{CONCEPTION GENERALE}{chapter.2}% 36
\BOOKMARK [2][-]{subsection.2.2.1}{ARCHITECTURE}{section.2.2}% 37
\BOOKMARK [2][-]{subsection.2.2.2}{OUTILS DE DEVELOPPEMENT}{section.2.2}% 38
\BOOKMARK [0][-]{chapter.3}{IMPLEMENTATION DU SYSTEME}{part.2}% 39
\BOOKMARK [1][-]{section.3.1}{CAPTURES D\220ECRAN DE L\220APPLICATION}{chapter.3}% 40
\BOOKMARK [2][-]{subsection.3.1.1}{PARTIE CLIENT}{section.3.1}% 41
\BOOKMARK [2][-]{subsection.3.1.2}{PARTIE ADMINISTRATEURS}{section.3.1}% 42
\BOOKMARK [0][-]{figure.3.6}{Conclusion}{part.2}% 43
\BOOKMARK [0][-]{figure.3.6}{R\351f\351rences}{part.2}% 44
\BOOKMARK [0][-]{chapter.1}{titre annexe}{part.2}% 45
\BOOKMARK [1][-]{section.1.1}{titre 1}{chapter.1}% 46
\BOOKMARK [0][-]{section.1.1}{Table des mati\350res}{part.2}% 47
