\BOOKMARK [0][-]{chapter*.1}{D\351dicace}{}% 1
\BOOKMARK [0][-]{chapter*.2}{Remerciements}{}% 2
\BOOKMARK [0][-]{chapter*.2}{Sommaire}{}% 3
\BOOKMARK [0][-]{chapter*.3}{Abr\351viations}{}% 4
\BOOKMARK [0][-]{chapter*.3}{Liste des figures}{}% 5
\BOOKMARK [0][-]{chapter*.3}{Liste des tableaux}{}% 6
\BOOKMARK [0][-]{chapter*.4}{R\351sum\351}{}% 7
\BOOKMARK [0][-]{chapter*.5}{Abstract}{}% 8
\BOOKMARK [0][-]{chapter*.5}{Introduction}{}% 9
\BOOKMARK [-1][-]{part.1}{I \311tat de l\220art}{}% 10
\BOOKMARK [0][-]{chapter.1}{Synth\350se Bibliographique}{part.1}% 11
\BOOKMARK [1][-]{section.1.1}{Business Intelligence}{chapter.1}% 12
\BOOKMARK [2][-]{subsection.1.1.1}{Introduction}{section.1.1}% 13
\BOOKMARK [2][-]{subsection.1.1.2}{Les syst\350mes d\351cisionnels}{section.1.1}% 14
\BOOKMARK [1][-]{section.1.2}{Le Data Warehouse}{chapter.1}% 15
\BOOKMARK [2][-]{subsection.1.2.1}{D\351finition}{section.1.2}% 16
\BOOKMARK [2][-]{subsection.1.2.2}{Historique}{section.1.2}% 17
\BOOKMARK [2][-]{subsection.1.2.3}{ARCHITECTURE D\220UN DATA WAREHOUSE}{section.1.2}% 18
\BOOKMARK [1][-]{section.1.3}{Mod\351lisation des donn\351es de l\220entrep\364t}{chapter.1}% 19
\BOOKMARK [2][-]{subsection.1.3.1}{La mod\351lisation dimensionnelle et ses concepts}{section.1.3}% 20
\BOOKMARK [0][-]{chapter.2}{titre}{part.1}% 21
\BOOKMARK [-1][-]{part.2}{II Contribution}{}% 22
\BOOKMARK [0][-]{chapter.3}{titre}{part.2}% 23
\BOOKMARK [0][-]{chapter.4}{titre}{part.2}% 24
\BOOKMARK [0][-]{chapter.4}{Conclusion}{part.2}% 25
\BOOKMARK [0][-]{chapter.4}{R\351f\351rences}{part.2}% 26
\BOOKMARK [0][-]{chapter.1}{titre annexe}{part.2}% 27
\BOOKMARK [1][-]{section.1.1}{Presentation de INSBI}{chapter.1}% 28
\BOOKMARK [2][-]{subsection.1.1.1}{MISSION}{section.1.1}% 29
\BOOKMARK [2][-]{subsection.1.1.2}{PRESENTATION}{section.1.1}% 30
\BOOKMARK [1][-]{section.1.2}{DIAGRAMMES UML}{chapter.1}% 31
\BOOKMARK [0][-]{section.1.2}{Table des mati\350res}{part.2}% 32
